22:39:06.717 [RunLevelControllerThread-1579451924418] DEBUG javax.servlet.Filter - init()
22:39:10.024 [admin-listener(4)] DEBUG javax.servlet.Filter - destroy()
22:39:21.620 [admin-listener(2)] DEBUG javax.servlet.Filter - init()
22:39:29.133 [http-listener-1(3)] DEBUG com.saif.web.practice.shop.core.Operations - showAllProducts()
22:40:27.887 [http-listener-1(5)] DEBUG com.saif.web.practice.shop.servlet.Authenticate - doGet()
22:40:27.892 [http-listener-1(5)] DEBUG com.saif.web.practice.shop.servlet.Authenticate - doGet(): customer not null
22:40:27.893 [http-listener-1(5)] DEBUG com.saif.web.practice.shop.servlet.Authenticate - doGet(): origUrl is - /authorize/MakeOrder?cartJson=[{%22productId%22:%221%22,%22mfrId%22:%22aci%22,%22description%22:%22Mosquito%20Coil%22,%22price%22:%22100.0%22,%22quantity%22:%22500%22},{%22productId%22:%222%22,%22mfrId%22:%22aci%22,%22description%22:%22Mosquito%20Spray%22,%22price%22:%22100.0%22,%22quantity%22:%22500%22}]
22:40:27.896 [http-listener-1(5)] DEBUG com.saif.web.practice.shop.servlet.authorize.MakeOrder - processRequest()
22:40:27.897 [http-listener-1(5)] DEBUG com.saif.web.practice.shop.bean.Order - Order()
22:40:27.936 [http-listener-1(5)] DEBUG com.saif.web.practice.shop.core.Operations - makeOrder()
22:40:27.938 [http-listener-1(5)] DEBUG com.saif.web.practice.shop.core.Operations - orderId from sql is: 16
22:40:27.941 [http-listener-1(5)] DEBUG com.saif.web.practice.shop.core.Operations - orderId from order bean is: 17
22:40:27.943 [http-listener-1(5)] DEBUG com.saif.web.practice.shop.bean.Order - INSERT INTO OrdersTemp (uName, orderId, productId, mfrId, quantity) VALUES ("shamim",17,1,"aci",500);
22:40:27.944 [http-listener-1(5)] DEBUG com.saif.web.practice.shop.bean.Order - INSERT INTO OrdersTemp (uName, orderId, productId, mfrId, quantity) VALUES ("shamim",17,2,"aci",500);
22:40:28.089 [http-listener-1(5)] DEBUG com.saif.web.practice.shop.core.Operations - insertSql is: INSERT INTO OrdersTemp (uName, orderId, productId, mfrId, quantity) VALUES ("shamim",17,1,"aci",500);
22:40:28.174 [http-listener-1(5)] DEBUG com.saif.web.practice.shop.core.Operations - insertSql is: INSERT INTO OrdersTemp (uName, orderId, productId, mfrId, quantity) VALUES ("shamim",17,2,"aci",500);
22:40:28.174 [http-listener-1(5)] DEBUG com.saif.web.practice.shop.core.Operations - feedbackOrderSql is: select orderId, productId, mfrId, quantity from OrdersTemp where uName = "shamim"and orderId = 17;
22:40:28.185 [http-listener-1(5)] DEBUG com.saif.web.practice.shop.core.Operations - makeOrder(): orderId: 17
22:40:28.185 [http-listener-1(5)] DEBUG com.saif.web.practice.shop.core.Operations - makeOrder(): productId: 1
22:40:28.185 [http-listener-1(5)] DEBUG com.saif.web.practice.shop.core.Operations - makeOrder(): mfrId: aci
22:40:28.186 [http-listener-1(5)] DEBUG com.saif.web.practice.shop.core.Operations - makeOrder(): quantity: 500
22:40:28.187 [http-listener-1(5)] DEBUG com.saif.web.practice.shop.core.Operations - makeOrder(): orderId: 17
22:40:28.187 [http-listener-1(5)] DEBUG com.saif.web.practice.shop.core.Operations - makeOrder(): productId: 2
22:40:28.188 [http-listener-1(5)] DEBUG com.saif.web.practice.shop.core.Operations - makeOrder(): mfrId: aci
22:40:28.188 [http-listener-1(5)] DEBUG com.saif.web.practice.shop.core.Operations - makeOrder(): quantity: 500
22:40:41.021 [http-listener-1(2)] DEBUG javax.servlet.Filter - doFilter()
22:40:41.022 [http-listener-1(2)] DEBUG javax.servlet.Filter - doBeforeProcessing()
22:40:41.023 [http-listener-1(2)] DEBUG javax.servlet.Filter - processing()
22:40:41.024 [http-listener-1(2)] DEBUG javax.servlet.Filter - getContextRelativeUri()= /authorize/MakeOrder?cartJson=[{%22productId%22:%223%22,%22mfrId%22:%22ulv%22,%22description%22:%22petrolium%20jelly%22,%22price%22:%2250.0%22,%22quantity%22:%2220%22},{%22productId%22:%224%22,%22mfrId%22:%22sqr%22,%22description%22:%22fexo%20fenadin%22,%22price%22:%22300.0%22,%22quantity%22:%225%22},{%22productId%22:%22654%22,%22mfrId%22:%22sss%22,%22description%22:%22adsfadf%22,%22price%22:%22345.0%22,%22quantity%22:%224%22}]
22:40:41.024 [http-listener-1(2)] DEBUG javax.servlet.Filter - Redirect url from filter: /jsp/Login.jsp?notLoggedIn=You+are+not+logged+in+or+your+session+has+been+expired.+Please+login..&origUrl=%2Fauthorize%2FMakeOrder%3FcartJson%3D%5B%7B%2522productId%2522%3A%25223%2522%2C%2522mfrId%2522%3A%2522ulv%2522%2C%2522description%2522%3A%2522petrolium%2520jelly%2522%2C%2522price%2522%3A%252250.0%2522%2C%2522quantity%2522%3A%252220%2522%7D%2C%7B%2522productId%2522%3A%25224%2522%2C%2522mfrId%2522%3A%2522sqr%2522%2C%2522description%2522%3A%2522fexo%2520fenadin%2522%2C%2522price%2522%3A%2522300.0%2522%2C%2522quantity%2522%3A%25225%2522%7D%2C%7B%2522productId%2522%3A%2522654%2522%2C%2522mfrId%2522%3A%2522sss%2522%2C%2522description%2522%3A%2522adsfadf%2522%2C%2522price%2522%3A%2522345.0%2522%2C%2522quantity%2522%3A%25224%2522%7D%5D
22:40:41.686 [http-listener-1(2)] DEBUG javax.servlet.Filter - processing(): after redirect
22:40:41.686 [http-listener-1(2)] DEBUG com.saif.web.practice.shop.servlet.authorize.MakeOrder - processRequest()
22:40:41.687 [http-listener-1(2)] DEBUG com.saif.web.practice.shop.bean.Order - Order()
22:40:41.688 [http-listener-1(2)] DEBUG com.saif.web.practice.shop.core.Operations - makeOrder()
22:40:41.690 [http-listener-1(2)] DEBUG com.saif.web.practice.shop.core.Operations - orderId from sql is: 17
22:40:41.691 [http-listener-1(2)] DEBUG com.saif.web.practice.shop.core.Operations - orderId from order bean is: 18
22:40:41.700 [http-listener-1(2)] DEBUG javax.servlet.Filter - doAfterProcessing()
22:40:51.592 [http-listener-1(1)] DEBUG com.saif.web.practice.shop.servlet.Authenticate - doGet()
22:40:51.594 [http-listener-1(1)] DEBUG com.saif.web.practice.shop.servlet.Authenticate - doGet(): customer not null
22:40:51.594 [http-listener-1(1)] DEBUG com.saif.web.practice.shop.servlet.Authenticate - doGet(): origUrl is - /authorize/MakeOrder?cartJson=[{%22productId%22:%223%22,%22mfrId%22:%22ulv%22,%22description%22:%22petrolium%20jelly%22,%22price%22:%2250.0%22,%22quantity%22:%2220%22},{%22productId%22:%224%22,%22mfrId%22:%22sqr%22,%22description%22:%22fexo%20fenadin%22,%22price%22:%22300.0%22,%22quantity%22:%225%22},{%22productId%22:%22654%22,%22mfrId%22:%22sss%22,%22description%22:%22adsfadf%22,%22price%22:%22345.0%22,%22quantity%22:%224%22}]
22:40:51.595 [http-listener-1(1)] DEBUG com.saif.web.practice.shop.servlet.authorize.MakeOrder - processRequest()
22:40:51.596 [http-listener-1(1)] DEBUG com.saif.web.practice.shop.bean.Order - Order()
22:40:51.597 [http-listener-1(1)] DEBUG com.saif.web.practice.shop.core.Operations - makeOrder()
22:40:51.599 [http-listener-1(1)] DEBUG com.saif.web.practice.shop.core.Operations - orderId from sql is: 17
22:40:51.600 [http-listener-1(1)] DEBUG com.saif.web.practice.shop.core.Operations - orderId from order bean is: 18
22:40:51.600 [http-listener-1(1)] DEBUG com.saif.web.practice.shop.bean.Order - INSERT INTO OrdersTemp (uName, orderId, productId, mfrId, quantity) VALUES ("shamim",18,3,"ulv",20);
22:40:51.600 [http-listener-1(1)] DEBUG com.saif.web.practice.shop.bean.Order - INSERT INTO OrdersTemp (uName, orderId, productId, mfrId, quantity) VALUES ("shamim",18,4,"sqr",5);
22:40:51.601 [http-listener-1(1)] DEBUG com.saif.web.practice.shop.bean.Order - INSERT INTO OrdersTemp (uName, orderId, productId, mfrId, quantity) VALUES ("shamim",18,654,"sss",4);
22:40:51.780 [http-listener-1(1)] DEBUG com.saif.web.practice.shop.core.Operations - insertSql is: INSERT INTO OrdersTemp (uName, orderId, productId, mfrId, quantity) VALUES ("shamim",18,3,"ulv",20);
22:40:51.907 [http-listener-1(1)] DEBUG com.saif.web.practice.shop.core.Operations - insertSql is: INSERT INTO OrdersTemp (uName, orderId, productId, mfrId, quantity) VALUES ("shamim",18,4,"sqr",5);
22:40:52.007 [http-listener-1(1)] DEBUG com.saif.web.practice.shop.core.Operations - insertSql is: INSERT INTO OrdersTemp (uName, orderId, productId, mfrId, quantity) VALUES ("shamim",18,654,"sss",4);
22:40:52.007 [http-listener-1(1)] DEBUG com.saif.web.practice.shop.core.Operations - feedbackOrderSql is: select orderId, productId, mfrId, quantity from OrdersTemp where uName = "shamim"and orderId = 18;
22:40:52.024 [http-listener-1(1)] DEBUG com.saif.web.practice.shop.core.Operations - makeOrder(): orderId: 18
22:40:52.024 [http-listener-1(1)] DEBUG com.saif.web.practice.shop.core.Operations - makeOrder(): productId: 3
22:40:52.024 [http-listener-1(1)] DEBUG com.saif.web.practice.shop.core.Operations - makeOrder(): mfrId: ulv
22:40:52.025 [http-listener-1(1)] DEBUG com.saif.web.practice.shop.core.Operations - makeOrder(): quantity: 20
22:40:52.025 [http-listener-1(1)] DEBUG com.saif.web.practice.shop.core.Operations - makeOrder(): orderId: 18
22:40:52.025 [http-listener-1(1)] DEBUG com.saif.web.practice.shop.core.Operations - makeOrder(): productId: 4
22:40:52.025 [http-listener-1(1)] DEBUG com.saif.web.practice.shop.core.Operations - makeOrder(): mfrId: sqr
22:40:52.025 [http-listener-1(1)] DEBUG com.saif.web.practice.shop.core.Operations - makeOrder(): quantity: 5
22:40:52.025 [http-listener-1(1)] DEBUG com.saif.web.practice.shop.core.Operations - makeOrder(): orderId: 18
22:40:52.026 [http-listener-1(1)] DEBUG com.saif.web.practice.shop.core.Operations - makeOrder(): productId: 654
22:40:52.026 [http-listener-1(1)] DEBUG com.saif.web.practice.shop.core.Operations - makeOrder(): mfrId: sss
22:40:52.026 [http-listener-1(1)] DEBUG com.saif.web.practice.shop.core.Operations - makeOrder(): quantity: 4
22:52:56.724 [http-listener-1(3)] DEBUG javax.servlet.Filter - doFilter()
22:52:56.725 [http-listener-1(3)] DEBUG javax.servlet.Filter - doBeforeProcessing()
22:52:56.726 [http-listener-1(3)] DEBUG javax.servlet.Filter - processing()
22:52:56.727 [http-listener-1(3)] DEBUG javax.servlet.Filter - getContextRelativeUri()= /jsp/protected/Profile.jsp
22:52:56.727 [http-listener-1(3)] DEBUG javax.servlet.Filter - Redirect url from filter: /jsp/Login.jsp?notLoggedIn=You+are+not+logged+in+or+your+session+has+been+expired.+Please+login..&origUrl=%2Fjsp%2Fprotected%2FProfile.jsp
22:52:56.738 [http-listener-1(3)] DEBUG javax.servlet.Filter - processing(): after redirect
22:52:56.745 [http-listener-1(3)] DEBUG javax.servlet.Filter - doAfterProcessing()
22:53:09.550 [http-listener-1(2)] DEBUG com.saif.web.practice.shop.servlet.Authenticate - doGet()
22:53:09.552 [http-listener-1(2)] DEBUG com.saif.web.practice.shop.servlet.Authenticate - doGet(): customer not null
22:53:09.553 [http-listener-1(2)] DEBUG com.saif.web.practice.shop.servlet.Authenticate - doGet(): origUrl is - /jsp/protected/Profile.jsp
22:53:09.553 [http-listener-1(2)] DEBUG javax.servlet.Filter - doFilter()
22:53:09.554 [http-listener-1(2)] DEBUG javax.servlet.Filter - doBeforeProcessing()
22:53:09.555 [http-listener-1(2)] DEBUG javax.servlet.Filter - processing()
22:53:09.560 [http-listener-1(2)] DEBUG javax.servlet.Filter - doAfterProcessing()
22:53:50.754 [admin-listener(6)] DEBUG javax.servlet.Filter - destroy()
22:53:55.620 [admin-listener(4)] DEBUG javax.servlet.Filter - init()
22:53:57.409 [http-listener-1(5)] DEBUG com.saif.web.practice.shop.core.Operations - showAllProducts()
22:54:23.574 [http-listener-1(3)] DEBUG javax.servlet.Filter - doFilter()
22:54:23.575 [http-listener-1(3)] DEBUG javax.servlet.Filter - doBeforeProcessing()
22:54:23.576 [http-listener-1(3)] DEBUG javax.servlet.Filter - processing()
22:54:23.577 [http-listener-1(3)] DEBUG javax.servlet.Filter - getContextRelativeUri()= /authorize/MakeOrder?cartJson=[{%22productId%22:%221%22,%22mfrId%22:%22aci%22,%22description%22:%22Mosquito%20Coil%22,%22price%22:%22100.0%22,%22quantity%22:%22500%22},{%22productId%22:%222%22,%22mfrId%22:%22aci%22,%22description%22:%22Mosquito%20Spray%22,%22price%22:%22100.0%22,%22quantity%22:%22500%22}]
22:54:23.577 [http-listener-1(3)] DEBUG javax.servlet.Filter - Redirect url from filter: /jsp/Login.jsp?notLoggedIn=You+are+not+logged+in+or+your+session+has+been+expired.+Please+login..&origUrl=%2Fauthorize%2FMakeOrder%3FcartJson%3D%5B%7B%2522productId%2522%3A%25221%2522%2C%2522mfrId%2522%3A%2522aci%2522%2C%2522description%2522%3A%2522Mosquito%2520Coil%2522%2C%2522price%2522%3A%2522100.0%2522%2C%2522quantity%2522%3A%2522500%2522%7D%2C%7B%2522productId%2522%3A%25222%2522%2C%2522mfrId%2522%3A%2522aci%2522%2C%2522description%2522%3A%2522Mosquito%2520Spray%2522%2C%2522price%2522%3A%2522100.0%2522%2C%2522quantity%2522%3A%2522500%2522%7D%5D
22:54:24.002 [http-listener-1(3)] DEBUG javax.servlet.Filter - processing(): after redirect
22:54:24.003 [http-listener-1(3)] DEBUG com.saif.web.practice.shop.servlet.authorize.MakeOrder - processRequest()
22:54:24.003 [http-listener-1(3)] DEBUG com.saif.web.practice.shop.bean.Order - Order()
22:54:24.073 [http-listener-1(3)] DEBUG com.saif.web.practice.shop.core.Operations - makeOrder()
22:54:24.079 [http-listener-1(3)] DEBUG com.saif.web.practice.shop.core.Operations - orderId from sql is: 18
22:54:24.080 [http-listener-1(3)] DEBUG com.saif.web.practice.shop.core.Operations - orderId from order bean is: 19
22:54:24.084 [http-listener-1(3)] DEBUG javax.servlet.Filter - doAfterProcessing()
22:54:37.375 [http-listener-1(1)] DEBUG com.saif.web.practice.shop.servlet.Authenticate - doGet()
22:54:37.379 [http-listener-1(1)] DEBUG com.saif.web.practice.shop.servlet.Authenticate - doGet(): customer not null
22:54:37.380 [http-listener-1(1)] DEBUG com.saif.web.practice.shop.servlet.Authenticate - doGet(): origUrl is - /authorize/MakeOrder?cartJson=[{%22productId%22:%221%22,%22mfrId%22:%22aci%22,%22description%22:%22Mosquito%20Coil%22,%22price%22:%22100.0%22,%22quantity%22:%22500%22},{%22productId%22:%222%22,%22mfrId%22:%22aci%22,%22description%22:%22Mosquito%20Spray%22,%22price%22:%22100.0%22,%22quantity%22:%22500%22}]
22:54:37.380 [http-listener-1(1)] DEBUG com.saif.web.practice.shop.servlet.authorize.MakeOrder - processRequest()
22:54:37.381 [http-listener-1(1)] DEBUG com.saif.web.practice.shop.bean.Order - Order()
22:54:37.381 [http-listener-1(1)] DEBUG com.saif.web.practice.shop.core.Operations - makeOrder()
22:54:37.383 [http-listener-1(1)] DEBUG com.saif.web.practice.shop.core.Operations - orderId from sql is: 18
22:54:37.383 [http-listener-1(1)] DEBUG com.saif.web.practice.shop.core.Operations - orderId from order bean is: 19
22:54:37.387 [http-listener-1(1)] DEBUG com.saif.web.practice.shop.bean.Order - INSERT INTO OrdersTemp (uName, orderId, productId, mfrId, quantity) VALUES ("saif",19,1,"aci",500);
22:54:37.390 [http-listener-1(1)] DEBUG com.saif.web.practice.shop.bean.Order - INSERT INTO OrdersTemp (uName, orderId, productId, mfrId, quantity) VALUES ("saif",19,2,"aci",500);
22:54:37.608 [http-listener-1(1)] DEBUG com.saif.web.practice.shop.core.Operations - insertSql is: INSERT INTO OrdersTemp (uName, orderId, productId, mfrId, quantity) VALUES ("saif",19,1,"aci",500);
22:54:37.725 [http-listener-1(1)] DEBUG com.saif.web.practice.shop.core.Operations - insertSql is: INSERT INTO OrdersTemp (uName, orderId, productId, mfrId, quantity) VALUES ("saif",19,2,"aci",500);
22:54:37.725 [http-listener-1(1)] DEBUG com.saif.web.practice.shop.core.Operations - feedbackOrderSql is: select orderId, productId, mfrId, quantity from OrdersTemp where uName = "saif"and orderId = 19;
22:54:37.736 [http-listener-1(1)] DEBUG com.saif.web.practice.shop.core.Operations - makeOrder(): orderId: 19
22:54:37.736 [http-listener-1(1)] DEBUG com.saif.web.practice.shop.core.Operations - makeOrder(): productId: 1
22:54:37.737 [http-listener-1(1)] DEBUG com.saif.web.practice.shop.core.Operations - makeOrder(): mfrId: aci
22:54:37.737 [http-listener-1(1)] DEBUG com.saif.web.practice.shop.core.Operations - makeOrder(): quantity: 500
22:54:37.738 [http-listener-1(1)] DEBUG com.saif.web.practice.shop.core.Operations - makeOrder(): orderId: 19
22:54:37.739 [http-listener-1(1)] DEBUG com.saif.web.practice.shop.core.Operations - makeOrder(): productId: 2
22:54:37.739 [http-listener-1(1)] DEBUG com.saif.web.practice.shop.core.Operations - makeOrder(): mfrId: aci
22:54:37.740 [http-listener-1(1)] DEBUG com.saif.web.practice.shop.core.Operations - makeOrder(): quantity: 500
22:55:01.616 [http-listener-1(4)] DEBUG javax.servlet.Filter - doFilter()
22:55:01.619 [http-listener-1(4)] DEBUG javax.servlet.Filter - doBeforeProcessing()
22:55:01.621 [http-listener-1(4)] DEBUG javax.servlet.Filter - processing()
22:55:01.622 [http-listener-1(4)] DEBUG com.saif.web.practice.shop.servlet.authorize.MakeOrder - processRequest()
22:55:01.622 [http-listener-1(4)] DEBUG com.saif.web.practice.shop.bean.Order - Order()
22:55:01.626 [http-listener-1(4)] DEBUG javax.servlet.Filter - doAfterProcessing()
22:55:18.175 [http-listener-1(3)] DEBUG javax.servlet.Filter - doFilter()
22:55:18.176 [http-listener-1(3)] DEBUG javax.servlet.Filter - doBeforeProcessing()
22:55:18.177 [http-listener-1(3)] DEBUG javax.servlet.Filter - processing()
22:55:18.177 [http-listener-1(3)] DEBUG javax.servlet.Filter - getContextRelativeUri()= /authorize/MakeOrder
22:55:18.177 [http-listener-1(3)] DEBUG javax.servlet.Filter - Redirect url from filter: /jsp/Login.jsp?notLoggedIn=You+are+not+logged+in+or+your+session+has+been+expired.+Please+login..&origUrl=%2Fauthorize%2FMakeOrder
22:55:18.181 [http-listener-1(3)] DEBUG javax.servlet.Filter - processing(): after redirect
22:55:18.182 [http-listener-1(3)] DEBUG com.saif.web.practice.shop.servlet.authorize.MakeOrder - processRequest()
22:55:18.182 [http-listener-1(3)] DEBUG com.saif.web.practice.shop.bean.Order - Order()
22:55:18.189 [http-listener-1(3)] DEBUG javax.servlet.Filter - doAfterProcessing()
22:55:30.772 [http-listener-1(2)] DEBUG com.saif.web.practice.shop.servlet.Authenticate - doGet()
22:55:30.775 [http-listener-1(2)] DEBUG com.saif.web.practice.shop.servlet.Authenticate - doGet(): customer not null
22:55:30.776 [http-listener-1(2)] DEBUG com.saif.web.practice.shop.servlet.Authenticate - doGet(): origUrl is - /authorize/MakeOrder
22:55:30.777 [http-listener-1(2)] DEBUG com.saif.web.practice.shop.servlet.authorize.MakeOrder - processRequest()
22:55:30.777 [http-listener-1(2)] DEBUG com.saif.web.practice.shop.bean.Order - Order()
22:55:57.235 [http-listener-1(5)] DEBUG javax.servlet.Filter - doFilter()
22:55:57.236 [http-listener-1(5)] DEBUG javax.servlet.Filter - doBeforeProcessing()
22:55:57.237 [http-listener-1(5)] DEBUG javax.servlet.Filter - processing()
22:55:57.238 [http-listener-1(5)] DEBUG javax.servlet.Filter - doAfterProcessing()
23:02:11.612 [admin-listener(3)] DEBUG javax.servlet.Filter - destroy()
23:02:16.744 [admin-listener(1)] DEBUG javax.servlet.Filter - init()
23:02:18.821 [http-listener-1(1)] DEBUG com.saif.web.practice.shop.core.Operations - showAllProducts()
23:02:37.429 [http-listener-1(4)] DEBUG com.saif.web.practice.shop.core.Operations - showAllProducts()
23:02:50.312 [http-listener-1(2)] DEBUG com.saif.web.practice.shop.core.Operations - showAllProducts()
23:02:54.181 [http-listener-1(5)] DEBUG com.saif.web.practice.shop.core.Operations - showAllProducts()
23:02:58.642 [http-listener-1(4)] DEBUG javax.servlet.Filter - doFilter()
23:02:58.642 [http-listener-1(4)] DEBUG javax.servlet.Filter - doBeforeProcessing()
23:02:58.643 [http-listener-1(4)] DEBUG javax.servlet.Filter - processing()
23:02:58.643 [http-listener-1(4)] DEBUG javax.servlet.Filter - getContextRelativeUri()= /authorize/MakeOrder?cartJson=[{%22productId%22:%223%22,%22mfrId%22:%22ulv%22,%22description%22:%22petrolium%20jelly%22,%22price%22:%2250.0%22,%22quantity%22:%2220%22},{%22productId%22:%224%22,%22mfrId%22:%22sqr%22,%22description%22:%22fexo%20fenadin%22,%22price%22:%22300.0%22,%22quantity%22:%225%22}]
23:02:58.644 [http-listener-1(4)] DEBUG javax.servlet.Filter - Redirect url from filter: /jsp/request/Login.jsp?notLoggedIn=You+are+not+logged+in+or+your+session+has+been+expired.+Please+login..&origUrl=%2Fauthorize%2FMakeOrder%3FcartJson%3D%5B%7B%2522productId%2522%3A%25223%2522%2C%2522mfrId%2522%3A%2522ulv%2522%2C%2522description%2522%3A%2522petrolium%2520jelly%2522%2C%2522price%2522%3A%252250.0%2522%2C%2522quantity%2522%3A%252220%2522%7D%2C%7B%2522productId%2522%3A%25224%2522%2C%2522mfrId%2522%3A%2522sqr%2522%2C%2522description%2522%3A%2522fexo%2520fenadin%2522%2C%2522price%2522%3A%2522300.0%2522%2C%2522quantity%2522%3A%25225%2522%7D%5D
23:02:59.029 [http-listener-1(4)] DEBUG javax.servlet.Filter - processing(): after redirect
23:02:59.029 [http-listener-1(4)] DEBUG com.saif.web.practice.shop.servlet.authorize.MakeOrder - processRequest()
23:02:59.030 [http-listener-1(4)] DEBUG com.saif.web.practice.shop.bean.Order - Order()
23:02:59.129 [http-listener-1(4)] DEBUG com.saif.web.practice.shop.core.Operations - makeOrder()
23:02:59.131 [http-listener-1(4)] DEBUG com.saif.web.practice.shop.core.Operations - orderId from sql is: 19
23:02:59.132 [http-listener-1(4)] DEBUG com.saif.web.practice.shop.core.Operations - orderId from order bean is: 20
23:02:59.134 [http-listener-1(4)] DEBUG javax.servlet.Filter - doAfterProcessing()
23:03:11.792 [http-listener-1(2)] DEBUG com.saif.web.practice.shop.servlet.Authenticate - doGet()
23:03:11.796 [http-listener-1(2)] DEBUG com.saif.web.practice.shop.servlet.Authenticate - doGet(): customer not null
23:03:11.797 [http-listener-1(2)] DEBUG com.saif.web.practice.shop.servlet.Authenticate - doGet(): origUrl is - /authorize/MakeOrder?cartJson=[{%22productId%22:%223%22,%22mfrId%22:%22ulv%22,%22description%22:%22petrolium%20jelly%22,%22price%22:%2250.0%22,%22quantity%22:%2220%22},{%22productId%22:%224%22,%22mfrId%22:%22sqr%22,%22description%22:%22fexo%20fenadin%22,%22price%22:%22300.0%22,%22quantity%22:%225%22}]
23:03:11.797 [http-listener-1(2)] DEBUG com.saif.web.practice.shop.servlet.authorize.MakeOrder - processRequest()
23:03:11.798 [http-listener-1(2)] DEBUG com.saif.web.practice.shop.bean.Order - Order()
23:03:11.798 [http-listener-1(2)] DEBUG com.saif.web.practice.shop.core.Operations - makeOrder()
23:03:11.800 [http-listener-1(2)] DEBUG com.saif.web.practice.shop.core.Operations - orderId from sql is: 19
23:03:11.800 [http-listener-1(2)] DEBUG com.saif.web.practice.shop.core.Operations - orderId from order bean is: 20
23:03:11.800 [http-listener-1(2)] DEBUG com.saif.web.practice.shop.bean.Order - INSERT INTO OrdersTemp (uName, orderId, productId, mfrId, quantity) VALUES ("saif",20,3,"ulv",20);
23:03:11.800 [http-listener-1(2)] DEBUG com.saif.web.practice.shop.bean.Order - INSERT INTO OrdersTemp (uName, orderId, productId, mfrId, quantity) VALUES ("saif",20,4,"sqr",5);
23:03:12.012 [http-listener-1(2)] DEBUG com.saif.web.practice.shop.core.Operations - insertSql is: INSERT INTO OrdersTemp (uName, orderId, productId, mfrId, quantity) VALUES ("saif",20,3,"ulv",20);
23:03:12.216 [http-listener-1(2)] DEBUG com.saif.web.practice.shop.core.Operations - insertSql is: INSERT INTO OrdersTemp (uName, orderId, productId, mfrId, quantity) VALUES ("saif",20,4,"sqr",5);
23:03:12.217 [http-listener-1(2)] DEBUG com.saif.web.practice.shop.core.Operations - feedbackOrderSql is: select orderId, productId, mfrId, quantity from OrdersTemp where uName = "saif"and orderId = 20;
23:03:12.238 [http-listener-1(2)] DEBUG com.saif.web.practice.shop.core.Operations - makeOrder(): orderId: 20
23:03:12.238 [http-listener-1(2)] DEBUG com.saif.web.practice.shop.core.Operations - makeOrder(): productId: 3
23:03:12.239 [http-listener-1(2)] DEBUG com.saif.web.practice.shop.core.Operations - makeOrder(): mfrId: ulv
23:03:12.242 [http-listener-1(2)] DEBUG com.saif.web.practice.shop.core.Operations - makeOrder(): quantity: 20
23:03:12.243 [http-listener-1(2)] DEBUG com.saif.web.practice.shop.core.Operations - makeOrder(): orderId: 20
23:03:12.244 [http-listener-1(2)] DEBUG com.saif.web.practice.shop.core.Operations - makeOrder(): productId: 4
23:03:12.244 [http-listener-1(2)] DEBUG com.saif.web.practice.shop.core.Operations - makeOrder(): mfrId: sqr
23:03:12.244 [http-listener-1(2)] DEBUG com.saif.web.practice.shop.core.Operations - makeOrder(): quantity: 5
23:03:38.530 [http-listener-1(4)] DEBUG javax.servlet.Filter - doFilter()
23:03:38.531 [http-listener-1(4)] DEBUG javax.servlet.Filter - doBeforeProcessing()
23:03:38.532 [http-listener-1(4)] DEBUG javax.servlet.Filter - processing()
23:03:38.533 [http-listener-1(4)] DEBUG javax.servlet.Filter - getContextRelativeUri()= /authorize/MakeOrder?cartJson=[{%22productId%22:%22654%22,%22mfrId%22:%22sss%22,%22description%22:%22adsfadf%22,%22price%22:%22345.0%22,%22quantity%22:%224%22},{%22productId%22:%225%22,%22mfrId%22:%22sd%22,%22description%22:%22sdf%22,%22price%22:%223.0%22,%22quantity%22:%22245%22}]
23:03:38.533 [http-listener-1(4)] DEBUG javax.servlet.Filter - Redirect url from filter: /jsp/request/Login.jsp?notLoggedIn=You+are+not+logged+in+or+your+session+has+been+expired.+Please+login..&origUrl=%2Fauthorize%2FMakeOrder%3FcartJson%3D%5B%7B%2522productId%2522%3A%2522654%2522%2C%2522mfrId%2522%3A%2522sss%2522%2C%2522description%2522%3A%2522adsfadf%2522%2C%2522price%2522%3A%2522345.0%2522%2C%2522quantity%2522%3A%25224%2522%7D%2C%7B%2522productId%2522%3A%25225%2522%2C%2522mfrId%2522%3A%2522sd%2522%2C%2522description%2522%3A%2522sdf%2522%2C%2522price%2522%3A%25223.0%2522%2C%2522quantity%2522%3A%2522245%2522%7D%5D
23:03:38.537 [http-listener-1(4)] DEBUG javax.servlet.Filter - processing(): after redirect
23:03:38.538 [http-listener-1(4)] DEBUG com.saif.web.practice.shop.servlet.authorize.MakeOrder - processRequest()
23:03:38.538 [http-listener-1(4)] DEBUG com.saif.web.practice.shop.bean.Order - Order()
23:03:38.538 [http-listener-1(4)] DEBUG com.saif.web.practice.shop.core.Operations - makeOrder()
23:03:38.540 [http-listener-1(4)] DEBUG com.saif.web.practice.shop.core.Operations - orderId from sql is: 20
23:03:38.540 [http-listener-1(4)] DEBUG com.saif.web.practice.shop.core.Operations - orderId from order bean is: 21
23:03:38.550 [http-listener-1(4)] DEBUG javax.servlet.Filter - doAfterProcessing()
23:03:54.068 [http-listener-1(2)] DEBUG com.saif.web.practice.shop.servlet.Authenticate - doGet()
23:03:54.071 [http-listener-1(2)] DEBUG com.saif.web.practice.shop.servlet.Authenticate - Redirect url from Authenticate: /jsp/request/SignUp.jsp?notSignedUp=You+are+not+registered+to+our+Online+shopping.+Please+Sign+up..&origUrl=/authorize/MakeOrder?cartJson=[{%22productId%22:%22654%22,%22mfrId%22:%22sss%22,%22description%22:%22adsfadf%22,%22price%22:%22345.0%22,%22quantity%22:%224%22},{%22productId%22:%225%22,%22mfrId%22:%22sd%22,%22description%22:%22sdf%22,%22price%22:%223.0%22,%22quantity%22:%22245%22}]
23:04:04.781 [http-listener-1(5)] DEBUG com.saif.web.practice.shop.servlet.MakeCustomer - doPost()
23:04:05.009 [http-listener-1(5)] DEBUG com.saif.web.practice.shop.servlet.MakeCustomer - doPost(): customer not null
23:04:05.010 [http-listener-1(5)] DEBUG com.saif.web.practice.shop.servlet.MakeCustomer - doPost(): origUrl is - /authorize/MakeOrder?cartJson=[{"productId":"654","mfrId":"sss","description":"adsfadf","price":"345.0","quantity":"4"},{"productId":"5","mfrId":"sd","description":"sdf","price":"3.0","quantity":"245"}]
23:04:05.011 [http-listener-1(5)] DEBUG com.saif.web.practice.shop.servlet.authorize.MakeOrder - processRequest()
23:04:05.011 [http-listener-1(5)] DEBUG com.saif.web.practice.shop.bean.Order - Order()
23:04:05.012 [http-listener-1(5)] DEBUG com.saif.web.practice.shop.core.Operations - makeOrder()
23:04:05.014 [http-listener-1(5)] DEBUG com.saif.web.practice.shop.core.Operations - orderId from sql is: 20
23:04:05.016 [http-listener-1(5)] DEBUG com.saif.web.practice.shop.core.Operations - orderId from order bean is: 21
23:04:05.018 [http-listener-1(5)] DEBUG com.saif.web.practice.shop.bean.Order - INSERT INTO OrdersTemp (uName, orderId, productId, mfrId, quantity) VALUES ("pinky",21,654,"sss",4);
23:04:05.021 [http-listener-1(5)] DEBUG com.saif.web.practice.shop.bean.Order - INSERT INTO OrdersTemp (uName, orderId, productId, mfrId, quantity) VALUES ("pinky",21,5,"sd",245);
23:04:05.148 [http-listener-1(5)] DEBUG com.saif.web.practice.shop.core.Operations - insertSql is: INSERT INTO OrdersTemp (uName, orderId, productId, mfrId, quantity) VALUES ("pinky",21,654,"sss",4);
23:04:05.259 [http-listener-1(5)] DEBUG com.saif.web.practice.shop.core.Operations - insertSql is: INSERT INTO OrdersTemp (uName, orderId, productId, mfrId, quantity) VALUES ("pinky",21,5,"sd",245);
23:04:05.260 [http-listener-1(5)] DEBUG com.saif.web.practice.shop.core.Operations - feedbackOrderSql is: select orderId, productId, mfrId, quantity from OrdersTemp where uName = "pinky"and orderId = 21;
23:04:05.272 [http-listener-1(5)] DEBUG com.saif.web.practice.shop.core.Operations - makeOrder(): orderId: 21
23:04:05.272 [http-listener-1(5)] DEBUG com.saif.web.practice.shop.core.Operations - makeOrder(): productId: 654
23:04:05.273 [http-listener-1(5)] DEBUG com.saif.web.practice.shop.core.Operations - makeOrder(): mfrId: sss
23:04:05.273 [http-listener-1(5)] DEBUG com.saif.web.practice.shop.core.Operations - makeOrder(): quantity: 4
23:04:05.273 [http-listener-1(5)] DEBUG com.saif.web.practice.shop.core.Operations - makeOrder(): orderId: 21
23:04:05.273 [http-listener-1(5)] DEBUG com.saif.web.practice.shop.core.Operations - makeOrder(): productId: 5
23:04:05.273 [http-listener-1(5)] DEBUG com.saif.web.practice.shop.core.Operations - makeOrder(): mfrId: sd
23:04:05.273 [http-listener-1(5)] DEBUG com.saif.web.practice.shop.core.Operations - makeOrder(): quantity: 245
